Determining if the pthread_create exist failed with the following output:
Change Dir: /home/rares/Documents/BFMC_Simulator/bfmc_workspace/build/CMakeFiles/CMakeTmp

Run Build Command:"/usr/bin/make" "cmTC_69ef5/fast"
/usr/bin/make -f CMakeFiles/cmTC_69ef5.dir/build.make CMakeFiles/cmTC_69ef5.dir/build
make[1]: Entering directory '/home/rares/Documents/BFMC_Simulator/bfmc_workspace/build/CMakeFiles/CMakeTmp'
Building C object CMakeFiles/cmTC_69ef5.dir/CheckSymbolExists.c.o
/usr/bin/cc    -o CMakeFiles/cmTC_69ef5.dir/CheckSymbolExists.c.o   -c /home/rares/Documents/BFMC_Simulator/bfmc_workspace/build/CMakeFiles/CMakeTmp/CheckSymbolExists.c
Linking C executable cmTC_69ef5
/usr/bin/cmake -E cmake_link_script CMakeFiles/cmTC_69ef5.dir/link.txt --verbose=1
/usr/bin/cc      -rdynamic CMakeFiles/cmTC_69ef5.dir/CheckSymbolExists.c.o  -o cmTC_69ef5 
CMakeFiles/cmTC_69ef5.dir/CheckSymbolExists.c.o: In function `main':
CheckSymbolExists.c:(.text+0x1b): undefined reference to `pthread_create'
collect2: error: ld returned 1 exit status
CMakeFiles/cmTC_69ef5.dir/build.make:97: recipe for target 'cmTC_69ef5' failed
make[1]: *** [cmTC_69ef5] Error 1
make[1]: Leaving directory '/home/rares/Documents/BFMC_Simulator/bfmc_workspace/build/CMakeFiles/CMakeTmp'
Makefile:126: recipe for target 'cmTC_69ef5/fast' failed
make: *** [cmTC_69ef5/fast] Error 2

File /home/rares/Documents/BFMC_Simulator/bfmc_workspace/build/CMakeFiles/CMakeTmp/CheckSymbolExists.c:
/* */
#include <pthread.h>

int main(int argc, char** argv)
{
  (void)argv;
#ifndef pthread_create
  return ((int*)(&pthread_create))[argc];
#else
  (void)argc;
  return 0;
#endif
}

Determining if the function pthread_create exists in the pthreads failed with the following output:
Change Dir: /home/rares/Documents/BFMC_Simulator/bfmc_workspace/build/CMakeFiles/CMakeTmp

Run Build Command:"/usr/bin/make" "cmTC_d712f/fast"
/usr/bin/make -f CMakeFiles/cmTC_d712f.dir/build.make CMakeFiles/cmTC_d712f.dir/build
make[1]: Entering directory '/home/rares/Documents/BFMC_Simulator/bfmc_workspace/build/CMakeFiles/CMakeTmp'
Building C object CMakeFiles/cmTC_d712f.dir/CheckFunctionExists.c.o
/usr/bin/cc   -DCHECK_FUNCTION_EXISTS=pthread_create   -o CMakeFiles/cmTC_d712f.dir/CheckFunctionExists.c.o   -c /usr/share/cmake-3.10/Modules/CheckFunctionExists.c
Linking C executable cmTC_d712f
/usr/bin/cmake -E cmake_link_script CMakeFiles/cmTC_d712f.dir/link.txt --verbose=1
/usr/bin/cc  -DCHECK_FUNCTION_EXISTS=pthread_create    -rdynamic CMakeFiles/cmTC_d712f.dir/CheckFunctionExists.c.o  -o cmTC_d712f -lpthreads 
/usr/bin/ld: cannot find -lpthreads
collect2: error: ld returned 1 exit status
CMakeFiles/cmTC_d712f.dir/build.make:97: recipe for target 'cmTC_d712f' failed
make[1]: *** [cmTC_d712f] Error 1
make[1]: Leaving directory '/home/rares/Documents/BFMC_Simulator/bfmc_workspace/build/CMakeFiles/CMakeTmp'
Makefile:126: recipe for target 'cmTC_d712f/fast' failed
make: *** [cmTC_d712f/fast] Error 2


